{
  "0 debug pnpm:scope": {
    "selected": 1
  },
  "1 debug pnpm:package-manifest": {
    "initial": {
      "private": true,
      "scripts": {
        "dev": "svelte-kit dev",
        "build": "svelte-kit build",
        "package": "svelte-kit package",
        "preview": "svelte-kit preview",
        "prepare": "svelte-kit sync",
        "check": "svelte-check --tsconfig ./jsconfig.json",
        "check:watch": "svelte-check --tsconfig ./jsconfig.json --watch",
        "lint": "prettier --check --plugin-search-dir=. .",
        "format": "prettier --write --plugin-search-dir=. ."
      },
      "devDependencies": {
        "@sveltejs/adapter-auto": "next",
        "@sveltejs/kit": "next",
        "@types/cookie": "^0.4.1",
        "prettier": "^2.5.1",
        "prettier-plugin-svelte": "^2.5.0",
        "svelte": "^3.46.0",
        "svelte-check": "^2.2.6",
        "typescript": "~4.6.2"
      },
      "type": "module",
      "dependencies": {
        "@fontsource/fira-mono": "^4.5.0",
        "cookie": "^0.4.1"
      }
    },
    "prefix": "/home/v/Ark/Arquivos/Code/web/next/sveltekit/sveltekit"
  },
  "2 debug pnpm:context": {
    "currentLockfileExists": false,
    "storeDir": "/home/v/Ark/.pnpm-store/v3",
    "virtualStoreDir": "/home/v/Ark/Arquivos/Code/web/next/sveltekit/sveltekit/node_modules/.pnpm"
  },
  "3 info pnpm": {
    "message": "Lockfile is up-to-date, resolution step is skipped",
    "prefix": "/home/v/Ark/Arquivos/Code/web/next/sveltekit/sveltekit"
  },
  "4 debug pnpm:stats": {
    "prefix": "/home/v/Ark/Arquivos/Code/web/next/sveltekit/sveltekit",
    "removed": 0
  },
  "5 debug pnpm:stage": {
    "prefix": "/home/v/Ark/Arquivos/Code/web/next/sveltekit/sveltekit",
    "stage": "importing_started"
  },
  "6 warn pnpm:install-check": {
    "message": "Unsupported platform for /esbuild-android-64/0.14.41: wanted {\"cpu\":[\"x64\"],\"os\":[\"android\"],\"libc\":[\"any\"]} (current: {\"os\":\"linux\",\"cpu\":\"x64\",\"libc\":\"glibc\"})",
    "prefix": "/home/v/Ark/Arquivos/Code/web/next/sveltekit/sveltekit"
  },
  "7 debug pnpm:skipped-optional-dependency": {
    "details": "Error: Unsupported platform for /esbuild-android-64/0.14.41: wanted {\"cpu\":[\"x64\"],\"os\":[\"android\"],\"libc\":[\"any\"]} (current: {\"os\":\"linux\",\"cpu\":\"x64\",\"libc\":\"glibc\"})",
    "package": {
      "id": "/esbuild-android-64/0.14.41",
      "name": "esbuild-android-64",
      "version": "0.14.41"
    },
    "prefix": "/home/v/Ark/Arquivos/Code/web/next/sveltekit/sveltekit",
    "reason": "unsupported_platform"
  },
  "8 warn pnpm:install-check": {
    "message": "Unsupported platform for /esbuild-android-arm64/0.14.41: wanted {\"cpu\":[\"arm64\"],\"os\":[\"android\"],\"libc\":[\"any\"]} (current: {\"os\":\"linux\",\"cpu\":\"x64\",\"libc\":\"glibc\"})",
    "prefix": "/home/v/Ark/Arquivos/Code/web/next/sveltekit/sveltekit"
  },
  "9 debug pnpm:skipped-optional-dependency": {
    "details": "Error: Unsupported platform for /esbuild-android-arm64/0.14.41: wanted {\"cpu\":[\"arm64\"],\"os\":[\"android\"],\"libc\":[\"any\"]} (current: {\"os\":\"linux\",\"cpu\":\"x64\",\"libc\":\"glibc\"})",
    "package": {
      "id": "/esbuild-android-arm64/0.14.41",
      "name": "esbuild-android-arm64",
      "version": "0.14.41"
    },
    "prefix": "/home/v/Ark/Arquivos/Code/web/next/sveltekit/sveltekit",
    "reason": "unsupported_platform"
  },
  "10 warn pnpm:install-check": {
    "message": "Unsupported platform for /esbuild-darwin-64/0.14.41: wanted {\"cpu\":[\"x64\"],\"os\":[\"darwin\"],\"libc\":[\"any\"]} (current: {\"os\":\"linux\",\"cpu\":\"x64\",\"libc\":\"glibc\"})",
    "prefix": "/home/v/Ark/Arquivos/Code/web/next/sveltekit/sveltekit"
  },
  "11 debug pnpm:skipped-optional-dependency": {
    "details": "Error: Unsupported platform for /esbuild-darwin-64/0.14.41: wanted {\"cpu\":[\"x64\"],\"os\":[\"darwin\"],\"libc\":[\"any\"]} (current: {\"os\":\"linux\",\"cpu\":\"x64\",\"libc\":\"glibc\"})",
    "package": {
      "id": "/esbuild-darwin-64/0.14.41",
      "name": "esbuild-darwin-64",
      "version": "0.14.41"
    },
    "prefix": "/home/v/Ark/Arquivos/Code/web/next/sveltekit/sveltekit",
    "reason": "unsupported_platform"
  },
  "12 warn pnpm:install-check": {
    "message": "Unsupported platform for /esbuild-darwin-arm64/0.14.41: wanted {\"cpu\":[\"arm64\"],\"os\":[\"darwin\"],\"libc\":[\"any\"]} (current: {\"os\":\"linux\",\"cpu\":\"x64\",\"libc\":\"glibc\"})",
    "prefix": "/home/v/Ark/Arquivos/Code/web/next/sveltekit/sveltekit"
  },
  "13 debug pnpm:skipped-optional-dependency": {
    "details": "Error: Unsupported platform for /esbuild-darwin-arm64/0.14.41: wanted {\"cpu\":[\"arm64\"],\"os\":[\"darwin\"],\"libc\":[\"any\"]} (current: {\"os\":\"linux\",\"cpu\":\"x64\",\"libc\":\"glibc\"})",
    "package": {
      "id": "/esbuild-darwin-arm64/0.14.41",
      "name": "esbuild-darwin-arm64",
      "version": "0.14.41"
    },
    "prefix": "/home/v/Ark/Arquivos/Code/web/next/sveltekit/sveltekit",
    "reason": "unsupported_platform"
  },
  "14 warn pnpm:install-check": {
    "message": "Unsupported platform for /esbuild-freebsd-64/0.14.41: wanted {\"cpu\":[\"x64\"],\"os\":[\"freebsd\"],\"libc\":[\"any\"]} (current: {\"os\":\"linux\",\"cpu\":\"x64\",\"libc\":\"glibc\"})",
    "prefix": "/home/v/Ark/Arquivos/Code/web/next/sveltekit/sveltekit"
  },
  "15 debug pnpm:skipped-optional-dependency": {
    "details": "Error: Unsupported platform for /esbuild-freebsd-64/0.14.41: wanted {\"cpu\":[\"x64\"],\"os\":[\"freebsd\"],\"libc\":[\"any\"]} (current: {\"os\":\"linux\",\"cpu\":\"x64\",\"libc\":\"glibc\"})",
    "package": {
      "id": "/esbuild-freebsd-64/0.14.41",
      "name": "esbuild-freebsd-64",
      "version": "0.14.41"
    },
    "prefix": "/home/v/Ark/Arquivos/Code/web/next/sveltekit/sveltekit",
    "reason": "unsupported_platform"
  },
  "16 warn pnpm:install-check": {
    "message": "Unsupported platform for /esbuild-freebsd-arm64/0.14.41: wanted {\"cpu\":[\"arm64\"],\"os\":[\"freebsd\"],\"libc\":[\"any\"]} (current: {\"os\":\"linux\",\"cpu\":\"x64\",\"libc\":\"glibc\"})",
    "prefix": "/home/v/Ark/Arquivos/Code/web/next/sveltekit/sveltekit"
  },
  "17 debug pnpm:skipped-optional-dependency": {
    "details": "Error: Unsupported platform for /esbuild-freebsd-arm64/0.14.41: wanted {\"cpu\":[\"arm64\"],\"os\":[\"freebsd\"],\"libc\":[\"any\"]} (current: {\"os\":\"linux\",\"cpu\":\"x64\",\"libc\":\"glibc\"})",
    "package": {
      "id": "/esbuild-freebsd-arm64/0.14.41",
      "name": "esbuild-freebsd-arm64",
      "version": "0.14.41"
    },
    "prefix": "/home/v/Ark/Arquivos/Code/web/next/sveltekit/sveltekit",
    "reason": "unsupported_platform"
  },
  "18 warn pnpm:install-check": {
    "message": "Unsupported platform for /esbuild-linux-32/0.14.41: wanted {\"cpu\":[\"ia32\"],\"os\":[\"linux\"],\"libc\":[\"any\"]} (current: {\"os\":\"linux\",\"cpu\":\"x64\",\"libc\":\"glibc\"})",
    "prefix": "/home/v/Ark/Arquivos/Code/web/next/sveltekit/sveltekit"
  },
  "19 debug pnpm:skipped-optional-dependency": {
    "details": "Error: Unsupported platform for /esbuild-linux-32/0.14.41: wanted {\"cpu\":[\"ia32\"],\"os\":[\"linux\"],\"libc\":[\"any\"]} (current: {\"os\":\"linux\",\"cpu\":\"x64\",\"libc\":\"glibc\"})",
    "package": {
      "id": "/esbuild-linux-32/0.14.41",
      "name": "esbuild-linux-32",
      "version": "0.14.41"
    },
    "prefix": "/home/v/Ark/Arquivos/Code/web/next/sveltekit/sveltekit",
    "reason": "unsupported_platform"
  },
  "20 warn pnpm:install-check": {
    "message": "Unsupported platform for /esbuild-linux-arm/0.14.41: wanted {\"cpu\":[\"arm\"],\"os\":[\"linux\"],\"libc\":[\"any\"]} (current: {\"os\":\"linux\",\"cpu\":\"x64\",\"libc\":\"glibc\"})",
    "prefix": "/home/v/Ark/Arquivos/Code/web/next/sveltekit/sveltekit"
  },
  "21 debug pnpm:skipped-optional-dependency": {
    "details": "Error: Unsupported platform for /esbuild-linux-arm/0.14.41: wanted {\"cpu\":[\"arm\"],\"os\":[\"linux\"],\"libc\":[\"any\"]} (current: {\"os\":\"linux\",\"cpu\":\"x64\",\"libc\":\"glibc\"})",
    "package": {
      "id": "/esbuild-linux-arm/0.14.41",
      "name": "esbuild-linux-arm",
      "version": "0.14.41"
    },
    "prefix": "/home/v/Ark/Arquivos/Code/web/next/sveltekit/sveltekit",
    "reason": "unsupported_platform"
  },
  "22 warn pnpm:install-check": {
    "message": "Unsupported platform for /esbuild-linux-arm64/0.14.41: wanted {\"cpu\":[\"arm64\"],\"os\":[\"linux\"],\"libc\":[\"any\"]} (current: {\"os\":\"linux\",\"cpu\":\"x64\",\"libc\":\"glibc\"})",
    "prefix": "/home/v/Ark/Arquivos/Code/web/next/sveltekit/sveltekit"
  },
  "23 debug pnpm:skipped-optional-dependency": {
    "details": "Error: Unsupported platform for /esbuild-linux-arm64/0.14.41: wanted {\"cpu\":[\"arm64\"],\"os\":[\"linux\"],\"libc\":[\"any\"]} (current: {\"os\":\"linux\",\"cpu\":\"x64\",\"libc\":\"glibc\"})",
    "package": {
      "id": "/esbuild-linux-arm64/0.14.41",
      "name": "esbuild-linux-arm64",
      "version": "0.14.41"
    },
    "prefix": "/home/v/Ark/Arquivos/Code/web/next/sveltekit/sveltekit",
    "reason": "unsupported_platform"
  },
  "24 warn pnpm:install-check": {
    "message": "Unsupported platform for /esbuild-linux-mips64le/0.14.41: wanted {\"cpu\":[\"mips64el\"],\"os\":[\"linux\"],\"libc\":[\"any\"]} (current: {\"os\":\"linux\",\"cpu\":\"x64\",\"libc\":\"glibc\"})",
    "prefix": "/home/v/Ark/Arquivos/Code/web/next/sveltekit/sveltekit"
  },
  "25 debug pnpm:skipped-optional-dependency": {
    "details": "Error: Unsupported platform for /esbuild-linux-mips64le/0.14.41: wanted {\"cpu\":[\"mips64el\"],\"os\":[\"linux\"],\"libc\":[\"any\"]} (current: {\"os\":\"linux\",\"cpu\":\"x64\",\"libc\":\"glibc\"})",
    "package": {
      "id": "/esbuild-linux-mips64le/0.14.41",
      "name": "esbuild-linux-mips64le",
      "version": "0.14.41"
    },
    "prefix": "/home/v/Ark/Arquivos/Code/web/next/sveltekit/sveltekit",
    "reason": "unsupported_platform"
  },
  "26 warn pnpm:install-check": {
    "message": "Unsupported platform for /esbuild-linux-ppc64le/0.14.41: wanted {\"cpu\":[\"ppc64\"],\"os\":[\"linux\"],\"libc\":[\"any\"]} (current: {\"os\":\"linux\",\"cpu\":\"x64\",\"libc\":\"glibc\"})",
    "prefix": "/home/v/Ark/Arquivos/Code/web/next/sveltekit/sveltekit"
  },
  "27 debug pnpm:skipped-optional-dependency": {
    "details": "Error: Unsupported platform for /esbuild-linux-ppc64le/0.14.41: wanted {\"cpu\":[\"ppc64\"],\"os\":[\"linux\"],\"libc\":[\"any\"]} (current: {\"os\":\"linux\",\"cpu\":\"x64\",\"libc\":\"glibc\"})",
    "package": {
      "id": "/esbuild-linux-ppc64le/0.14.41",
      "name": "esbuild-linux-ppc64le",
      "version": "0.14.41"
    },
    "prefix": "/home/v/Ark/Arquivos/Code/web/next/sveltekit/sveltekit",
    "reason": "unsupported_platform"
  },
  "28 warn pnpm:install-check": {
    "message": "Unsupported platform for /esbuild-linux-riscv64/0.14.41: wanted {\"cpu\":[\"riscv64\"],\"os\":[\"linux\"],\"libc\":[\"any\"]} (current: {\"os\":\"linux\",\"cpu\":\"x64\",\"libc\":\"glibc\"})",
    "prefix": "/home/v/Ark/Arquivos/Code/web/next/sveltekit/sveltekit"
  },
  "29 debug pnpm:skipped-optional-dependency": {
    "details": "Error: Unsupported platform for /esbuild-linux-riscv64/0.14.41: wanted {\"cpu\":[\"riscv64\"],\"os\":[\"linux\"],\"libc\":[\"any\"]} (current: {\"os\":\"linux\",\"cpu\":\"x64\",\"libc\":\"glibc\"})",
    "package": {
      "id": "/esbuild-linux-riscv64/0.14.41",
      "name": "esbuild-linux-riscv64",
      "version": "0.14.41"
    },
    "prefix": "/home/v/Ark/Arquivos/Code/web/next/sveltekit/sveltekit",
    "reason": "unsupported_platform"
  },
  "30 warn pnpm:install-check": {
    "message": "Unsupported platform for /esbuild-linux-s390x/0.14.41: wanted {\"cpu\":[\"s390x\"],\"os\":[\"linux\"],\"libc\":[\"any\"]} (current: {\"os\":\"linux\",\"cpu\":\"x64\",\"libc\":\"glibc\"})",
    "prefix": "/home/v/Ark/Arquivos/Code/web/next/sveltekit/sveltekit"
  },
  "31 debug pnpm:skipped-optional-dependency": {
    "details": "Error: Unsupported platform for /esbuild-linux-s390x/0.14.41: wanted {\"cpu\":[\"s390x\"],\"os\":[\"linux\"],\"libc\":[\"any\"]} (current: {\"os\":\"linux\",\"cpu\":\"x64\",\"libc\":\"glibc\"})",
    "package": {
      "id": "/esbuild-linux-s390x/0.14.41",
      "name": "esbuild-linux-s390x",
      "version": "0.14.41"
    },
    "prefix": "/home/v/Ark/Arquivos/Code/web/next/sveltekit/sveltekit",
    "reason": "unsupported_platform"
  },
  "32 warn pnpm:install-check": {
    "message": "Unsupported platform for /esbuild-netbsd-64/0.14.41: wanted {\"cpu\":[\"x64\"],\"os\":[\"netbsd\"],\"libc\":[\"any\"]} (current: {\"os\":\"linux\",\"cpu\":\"x64\",\"libc\":\"glibc\"})",
    "prefix": "/home/v/Ark/Arquivos/Code/web/next/sveltekit/sveltekit"
  },
  "33 debug pnpm:skipped-optional-dependency": {
    "details": "Error: Unsupported platform for /esbuild-netbsd-64/0.14.41: wanted {\"cpu\":[\"x64\"],\"os\":[\"netbsd\"],\"libc\":[\"any\"]} (current: {\"os\":\"linux\",\"cpu\":\"x64\",\"libc\":\"glibc\"})",
    "package": {
      "id": "/esbuild-netbsd-64/0.14.41",
      "name": "esbuild-netbsd-64",
      "version": "0.14.41"
    },
    "prefix": "/home/v/Ark/Arquivos/Code/web/next/sveltekit/sveltekit",
    "reason": "unsupported_platform"
  },
  "34 warn pnpm:install-check": {
    "message": "Unsupported platform for /esbuild-openbsd-64/0.14.41: wanted {\"cpu\":[\"x64\"],\"os\":[\"openbsd\"],\"libc\":[\"any\"]} (current: {\"os\":\"linux\",\"cpu\":\"x64\",\"libc\":\"glibc\"})",
    "prefix": "/home/v/Ark/Arquivos/Code/web/next/sveltekit/sveltekit"
  },
  "35 debug pnpm:skipped-optional-dependency": {
    "details": "Error: Unsupported platform for /esbuild-openbsd-64/0.14.41: wanted {\"cpu\":[\"x64\"],\"os\":[\"openbsd\"],\"libc\":[\"any\"]} (current: {\"os\":\"linux\",\"cpu\":\"x64\",\"libc\":\"glibc\"})",
    "package": {
      "id": "/esbuild-openbsd-64/0.14.41",
      "name": "esbuild-openbsd-64",
      "version": "0.14.41"
    },
    "prefix": "/home/v/Ark/Arquivos/Code/web/next/sveltekit/sveltekit",
    "reason": "unsupported_platform"
  },
  "36 warn pnpm:install-check": {
    "message": "Unsupported platform for /esbuild-sunos-64/0.14.41: wanted {\"cpu\":[\"x64\"],\"os\":[\"sunos\"],\"libc\":[\"any\"]} (current: {\"os\":\"linux\",\"cpu\":\"x64\",\"libc\":\"glibc\"})",
    "prefix": "/home/v/Ark/Arquivos/Code/web/next/sveltekit/sveltekit"
  },
  "37 debug pnpm:skipped-optional-dependency": {
    "details": "Error: Unsupported platform for /esbuild-sunos-64/0.14.41: wanted {\"cpu\":[\"x64\"],\"os\":[\"sunos\"],\"libc\":[\"any\"]} (current: {\"os\":\"linux\",\"cpu\":\"x64\",\"libc\":\"glibc\"})",
    "package": {
      "id": "/esbuild-sunos-64/0.14.41",
      "name": "esbuild-sunos-64",
      "version": "0.14.41"
    },
    "prefix": "/home/v/Ark/Arquivos/Code/web/next/sveltekit/sveltekit",
    "reason": "unsupported_platform"
  },
  "38 warn pnpm:install-check": {
    "message": "Unsupported platform for /esbuild-windows-32/0.14.41: wanted {\"cpu\":[\"ia32\"],\"os\":[\"win32\"],\"libc\":[\"any\"]} (current: {\"os\":\"linux\",\"cpu\":\"x64\",\"libc\":\"glibc\"})",
    "prefix": "/home/v/Ark/Arquivos/Code/web/next/sveltekit/sveltekit"
  },
  "39 debug pnpm:skipped-optional-dependency": {
    "details": "Error: Unsupported platform for /esbuild-windows-32/0.14.41: wanted {\"cpu\":[\"ia32\"],\"os\":[\"win32\"],\"libc\":[\"any\"]} (current: {\"os\":\"linux\",\"cpu\":\"x64\",\"libc\":\"glibc\"})",
    "package": {
      "id": "/esbuild-windows-32/0.14.41",
      "name": "esbuild-windows-32",
      "version": "0.14.41"
    },
    "prefix": "/home/v/Ark/Arquivos/Code/web/next/sveltekit/sveltekit",
    "reason": "unsupported_platform"
  },
  "40 warn pnpm:install-check": {
    "message": "Unsupported platform for /esbuild-windows-64/0.14.41: wanted {\"cpu\":[\"x64\"],\"os\":[\"win32\"],\"libc\":[\"any\"]} (current: {\"os\":\"linux\",\"cpu\":\"x64\",\"libc\":\"glibc\"})",
    "prefix": "/home/v/Ark/Arquivos/Code/web/next/sveltekit/sveltekit"
  },
  "41 debug pnpm:skipped-optional-dependency": {
    "details": "Error: Unsupported platform for /esbuild-windows-64/0.14.41: wanted {\"cpu\":[\"x64\"],\"os\":[\"win32\"],\"libc\":[\"any\"]} (current: {\"os\":\"linux\",\"cpu\":\"x64\",\"libc\":\"glibc\"})",
    "package": {
      "id": "/esbuild-windows-64/0.14.41",
      "name": "esbuild-windows-64",
      "version": "0.14.41"
    },
    "prefix": "/home/v/Ark/Arquivos/Code/web/next/sveltekit/sveltekit",
    "reason": "unsupported_platform"
  },
  "42 warn pnpm:install-check": {
    "message": "Unsupported platform for /esbuild-windows-arm64/0.14.41: wanted {\"cpu\":[\"arm64\"],\"os\":[\"win32\"],\"libc\":[\"any\"]} (current: {\"os\":\"linux\",\"cpu\":\"x64\",\"libc\":\"glibc\"})",
    "prefix": "/home/v/Ark/Arquivos/Code/web/next/sveltekit/sveltekit"
  },
  "43 debug pnpm:skipped-optional-dependency": {
    "details": "Error: Unsupported platform for /esbuild-windows-arm64/0.14.41: wanted {\"cpu\":[\"arm64\"],\"os\":[\"win32\"],\"libc\":[\"any\"]} (current: {\"os\":\"linux\",\"cpu\":\"x64\",\"libc\":\"glibc\"})",
    "package": {
      "id": "/esbuild-windows-arm64/0.14.41",
      "name": "esbuild-windows-arm64",
      "version": "0.14.41"
    },
    "prefix": "/home/v/Ark/Arquivos/Code/web/next/sveltekit/sveltekit",
    "reason": "unsupported_platform"
  },
  "44 warn pnpm:install-check": {
    "message": "Unsupported engine for /@sveltejs/kit/1.0.0-next.345_svelte@3.48.0: wanted: {\"node\":\">=16.7\"} (current: {\"node\":\"v14.19.1\",\"pnpm\":\"7.1.6\"})",
    "prefix": "/home/v/Ark/Arquivos/Code/web/next/sveltekit/sveltekit"
  },
  "45 error pnpm": {
    "code": "ERR_PNPM_UNSUPPORTED_ENGINE",
    "packageId": "/@sveltejs/kit/1.0.0-next.345_svelte@3.48.0",
    "wanted": {
      "node": ">=16.7"
    },
    "current": {
      "node": "v14.19.1",
      "pnpm": "7.1.6"
    },
    "err": {
      "name": "pnpm",
      "message": "Unsupported engine for /@sveltejs/kit/1.0.0-next.345_svelte@3.48.0: wanted: {\"node\":\">=16.7\"} (current: {\"node\":\"v14.19.1\",\"pnpm\":\"7.1.6\"})",
      "code": "ERR_PNPM_UNSUPPORTED_ENGINE",
      "stack": "pnpm: Unsupported engine for /@sveltejs/kit/1.0.0-next.345_svelte@3.48.0: wanted: {\"node\":\">=16.7\"} (current: {\"node\":\"v14.19.1\",\"pnpm\":\"7.1.6\"})\n    at checkEngine (/home/v/.local/share/pnpm/global/5/.pnpm/pnpm@7.1.6/node_modules/pnpm/dist/pnpm.cjs:41245:16)\n    at checkPackage (/home/v/.local/share/pnpm/global/5/.pnpm/pnpm@7.1.6/node_modules/pnpm/dist/pnpm.cjs:43493:74)\n    at packageIsInstallable (/home/v/.local/share/pnpm/global/5/.pnpm/pnpm@7.1.6/node_modules/pnpm/dist/pnpm.cjs:43463:20)\n    at pkgAllDeps (/home/v/.local/share/pnpm/global/5/.pnpm/pnpm@7.1.6/node_modules/pnpm/dist/pnpm.cjs:110014:98)\n    at pickPkgsWithAllDeps (/home/v/.local/share/pnpm/global/5/.pnpm/pnpm@7.1.6/node_modules/pnpm/dist/pnpm.cjs:109985:7)\n    at filterByImportersAndEngine (/home/v/.local/share/pnpm/global/5/.pnpm/pnpm@7.1.6/node_modules/pnpm/dist/pnpm.cjs:109955:52)\n    at exports2.default (/home/v/.local/share/pnpm/global/5/.pnpm/pnpm@7.1.6/node_modules/pnpm/dist/pnpm.cjs:114848:89)\n    at async _install (/home/v/.local/share/pnpm/global/5/.pnpm/pnpm@7.1.6/node_modules/pnpm/dist/pnpm.cjs:120129:15)\n    at async mutateModules (/home/v/.local/share/pnpm/global/5/.pnpm/pnpm@7.1.6/node_modules/pnpm/dist/pnpm.cjs:120067:23)\n    at async install (/home/v/.local/share/pnpm/global/5/.pnpm/pnpm@7.1.6/node_modules/pnpm/dist/pnpm.cjs:120025:24)"
    }
  }
}