Arguments: 
  /home/v/.nvm/versions/node/v16.16.0/bin/node /home/v/.nvm/versions/node/v16.7.0/bin/yarn install

PATH: 
  /home/v/.nvm/versions/node/v16.16.0/bin:/home/v/.bun/bin:/home/v/.local/share/pnpm:/home/v/.nvm/versions/node/v16.16.0/bin:/bin/:/sbin:/usr/bin:/usr/sbin:/snap/bin:/usr/local/bin:/usr/local/sbin:/home/v/.yarn/bin:/usr/share/rvm/gems/ruby-3.0.0/bin:/home/v/Ark/Arquivos/Apps/flutter/bin:/home/v/.nvm/versions/node/v16.16.0/bin:/home/v/.nvm/versions/node/v18.6.0/bin:/home/v/.bun/bin:/home/v/.local/share/pnpm:/home/v/.nvm/versions/node/v16.7.0/bin:/bin/:/sbin:/usr/bin:/usr/sbin:/snap/bin:/usr/local/bin:/usr/local/sbin:/home/v/.yarn/bin:/usr/share/rvm/gems/ruby-3.0.0/bin:/home/v/Ark/Arquivos/Apps/flutter/bin:/usr/share/rvm/gems/ruby-3.0.0/bin:/usr/share/rvm/gems/ruby-3.0.0@global/bin:/usr/share/rvm/rubies/ruby-3.0.0/bin:/home/v/.bun/bin:/home/v/.local/share/pnpm:/home/v/.nvm/versions/node/v16.7.0/bin:/bin/:/sbin:/usr/bin:/usr/sbin:/snap/bin:/usr/local/bin:/usr/local/sbin:/home/v/.yarn/bin:/usr/share/rvm/gems/ruby-3.0.0/bin:/home/v/Ark/Arquivos/Apps/flutter/bin:/usr/share/rvm/gems/ruby-3.0.0/bin:/usr/share/rvm/gems/ruby-3.0.0@global/bin:/usr/share/rvm/rubies/ruby-3.0.0/bin:/home/v/.bun/bin:/home/v/.local/share/pnpm:/home/v/.nvm/versions/node/v16.7.0/bin:/bin/:/sbin:/usr/bin:/usr/sbin:/snap/bin:/usr/local/bin:/usr/local/sbin:/home/v/.yarn/bin:/usr/share/rvm/gems/ruby-3.0.0/bin:/home/v/Ark/Arquivos/Apps/flutter/bin:/usr/share/rvm/gems/ruby-3.0.0/bin:/usr/share/rvm/gems/ruby-3.0.0@global/bin:/usr/share/rvm/rubies/ruby-3.0.0/bin:/home/v/.cargo/bin:/usr/local/sbin:/usr/local/bin:/usr/sbin:/usr/bin:/sbin:/bin:/usr/games:/usr/local/games:/snap/bin:/usr/share/rvm/bin:/home/v/.fzf/bin

Yarn version: 
  1.22.18

Node version: 
  16.16.0

Platform: 
  linux x64

Trace: 
  Error: ENOENT: no such file or directory, copyfile '/home/v/.cache/yarn/v6/npm-glob-parent-6.0.2-6d237d99083950c79290f24c7642a3de9a28f9e3-integrity/node_modules/glob-parent/README.md' -> '/home/v/Ark/Arquivos/Code/web/next/sveltekit/sveltekit/node_modules/tailwindcss/node_modules/glob-parent/README.md'

npm manifest: 
  {
    "private": true,
    "scripts": {
      "dev": "vite dev",
      "build": "vite build",
      "package": "vite package",
      "preview": "vite preview",
      "prepare": "vite sync",
      "check": "svelte-check --tsconfig ./jsconfig.json",
      "check:watch": "svelte-check --tsconfig ./jsconfig.json --watch",
      "lint": "prettier --c:eck --plugin-search-dir=. .",
      "format": "prettier --write --plugin-search-dir=. ."
    },
    "devDependencies": {
      "@sveltejs/adapter-auto": "next",
      "@sveltejs/kit": "next",
      "@tailwindcss/forms": "^0.5.2",
      "@tailwindcss/line-clamp": "^0.4.0",
      "@tailwindcss/typography": "^0.5.2",
      "@types/cookie": "^0.4.1",
      "autoprefixer": "^10.4.7",
      "daisyui": "^2.15.2",
      "postcss": "^8.4.14",
      "postcss-nesting": "^10.1.7",
      "prettier": "^2.5.1",
      "prettier-plugin-svelte": "^2.5.0",
      "svelte": "^3.46.0",
      "svelte-awesome": "^3.0.0",
      "svelte-check": "^2.2.6",
      "svelte-preprocess": "^4.10.6",
      "svelte-seo": "^1.4.0",
      "tailwindcss": "^3.0.24",
      "typescript": "~4.6.2"
    },
    "type": "module",
    "dependencies": {
      "@fontsource/fira-mono": "^4.5.0",
      "cookie": "^0.4.1",
      "vite": "link:@sveltejs/kit/vite"
    }
  }

yarn manifest: 
  No manifest

Lockfile: 
  No lockfile
